\BOOKMARK [0][-]{dummy.1}{\376\377\000A\000c\000k\000n\000o\000w\000l\000e\000d\000g\000e\000m\000e\000n\000t\000s}{}% 1
\BOOKMARK [0][-]{dummy.2}{\376\377\000R\000e\000s\000u\000m\000o}{}% 2
\BOOKMARK [0][-]{dummy.3}{\376\377\000A\000b\000s\000t\000r\000a\000c\000t}{}% 3
\BOOKMARK [0][-]{dummy.4}{\376\377\000T\000a\000b\000l\000e\000\040\000o\000f\000\040\000C\000o\000n\000t\000e\000n\000t\000s}{}% 4
\BOOKMARK [0][-]{dummy.5}{\376\377\000L\000i\000s\000t\000\040\000o\000f\000\040\000F\000i\000g\000u\000r\000e\000s}{}% 5
\BOOKMARK [0][-]{chapter.1}{\376\377\0001\000\040\000I\000n\000t\000r\000o\000d\000u\000c\000t\000i\000o\000n}{}% 6
\BOOKMARK [1][-]{section.1.1}{\376\377\0001\000.\0001\000\040}{chapter.1}% 7
\BOOKMARK [1][-]{section.1.2}{\376\377\0001\000.\0002\000\040\000S\000t\000r\000u\000c\000t\000u\000r\000e\000\040\000o\000u\000t\000l\000i\000n\000e}{chapter.1}% 8
\BOOKMARK [1][-]{section.1.3}{\376\377\0001\000.\0003\000\040\000N\000o\000t\000a\000t\000i\000o\000n\000\040\000a\000n\000d\000\040\000c\000o\000n\000v\000e\000n\000t\000i\000o\000n\000s}{chapter.1}% 9
\BOOKMARK [0][-]{chapter.2}{\376\377\0002\000\040\0003\000+\0001\000\040\000F\000o\000r\000m\000a\000l\000i\000s\000m}{}% 10
\BOOKMARK [1][-]{section.2.1}{\376\377\0002\000.\0001\000\040\000D\000e\000s\000c\000r\000i\000p\000t\000i\000o\000n\000\040\000o\000f\000\040\000t\000h\000e\000\040\000g\000e\000o\000m\000e\000t\000r\000y}{chapter.2}% 11
\BOOKMARK [1][-]{section.2.2}{\376\377\0002\000.\0002\000\040\000D\000e\000s\000c\000r\000i\000p\000t\000i\000o\000n\000\040\000o\000f\000\040\000t\000h\000e\000\040\000f\000l\000u\000i\000d}{chapter.2}% 12
\BOOKMARK [1][-]{section.2.3}{\376\377\0002\000.\0003\000\040\000T\000i\000m\000e\000\040\000d\000e\000r\000i\000v\000a\000t\000i\000v\000e\000s}{chapter.2}% 13
\BOOKMARK [1][-]{section.2.4}{\376\377\0002\000.\0004\000\040\000K\000i\000n\000e\000m\000a\000t\000i\000c\000a\000l\000\040\000q\000u\000a\000n\000t\000i\000t\000i\000e\000s}{chapter.2}% 14
\BOOKMARK [1][-]{section.2.5}{\376\377\0002\000.\0005\000\040\000G\000a\000u\000s\000s\000-\000C\000o\000d\000a\000z\000z\000i\000-\000R\000i\000c\000c\000i\000\040\000R\000e\000l\000a\000t\000i\000o\000n\000s}{chapter.2}% 15
\BOOKMARK [1][-]{section.2.6}{\376\377\0002\000.\0006\000\040\000D\000y\000n\000a\000m\000i\000c\000a\000l\000\040\000E\000q\000u\000a\000t\000i\000o\000n\000s}{chapter.2}% 16
\BOOKMARK [1][-]{section.2.7}{\376\377\0002\000.\0007\000\040\000C\000o\000n\000f\000o\000r\000m\000a\000l\000\040\0003\000+\0001\000\040\000F\000o\000r\000m\000a\000l\000i\000s\000m}{chapter.2}% 17
\BOOKMARK [2][-]{subsection.2.7.1}{\376\377\0002\000.\0007\000.\0001\000\040\000I\000n\000t\000r\000o\000d\000u\000c\000t\000i\000o\000n}{section.2.7}% 18
\BOOKMARK [2][-]{subsection.2.7.2}{\376\377\0002\000.\0007\000.\0002\000\040\000K\000i\000n\000e\000m\000a\000t\000i\000c\000a\000l\000\040\000q\000u\000a\000n\000t\000i\000t\000i\000e\000s}{section.2.7}% 19
\BOOKMARK [0][-]{chapter.3}{\376\377\0003\000\040\000A\000v\000e\000r\000a\000g\000i\000n\000g\000\040\000p\000r\000o\000c\000e\000d\000u\000r\000e}{}% 20
\BOOKMARK [1][-]{section.3.1}{\376\377\0003\000.\0001\000\040\000B\000u\000c\000h\000e\000r\000t\000'\000s\000\040\000a\000p\000p\000r\000o\000a\000c\000h}{chapter.3}% 21
\BOOKMARK [1][-]{section.3.2}{\376\377\0003\000.\0002\000\040\000C\000o\000n\000f\000o\000r\000m\000a\000l\000\040\000L\000C\000A}{chapter.3}% 22
\BOOKMARK [0][-]{chapter.4}{\376\377\0004\000\040\000S\000c\000a\000l\000a\000r\000-\000t\000e\000n\000s\000o\000r\000\040\000t\000h\000e\000o\000r\000i\000e\000s}{}% 23
\BOOKMARK [1][-]{section.4.1}{\376\377\0004\000.\0001\000\040\000J\000o\000r\000d\000a\000n\000-\000B\000r\000a\000n\000s\000-\000D\000i\000c\000k\000e\000\040\000t\000h\000e\000o\000r\000y}{chapter.4}% 24
\BOOKMARK [2][-]{subsection.4.1.1}{\376\377\0004\000.\0001\000.\0001\000\040\000J\000o\000r\000d\000a\000n\000\040\000f\000r\000a\000m\000e}{section.4.1}% 25
\BOOKMARK [2][-]{subsection.4.1.2}{\376\377\0004\000.\0001\000.\0002\000\040\000E\000i\000n\000s\000t\000e\000i\000n\000\040\000f\000r\000a\000m\000e}{section.4.1}% 26
\BOOKMARK [1][-]{section.4.2}{\376\377\0004\000.\0002\000\040\000B\000e\000r\000g\000m\000a\000n\000n\000-\000W\000a\000g\000o\000n\000e\000r\000\040\000t\000h\000e\000o\000r\000y}{chapter.4}% 27
\BOOKMARK [2][-]{subsection.4.2.1}{\376\377\0004\000.\0002\000.\0001\000\040\000E\000i\000n\000s\000t\000i\000e\000n\000\040\000f\000r\000a\000m\000e}{section.4.2}% 28
\BOOKMARK [0][-]{chapter.5}{\376\377\0005\000\040\000B\000a\000c\000k\000r\000e\000a\000c\000t\000i\000o\000n}{}% 29
\BOOKMARK [1][-]{section.5.1}{\376\377\0005\000.\0001\000\040\000J\000o\000r\000d\000a\000n\000-\000B\000r\000a\000n\000s\000-\000D\000i\000c\000k\000e\000\040\000t\000h\000e\000o\000r\000y}{chapter.5}% 30
\BOOKMARK [2][-]{subsection.5.1.1}{\376\377\0005\000.\0001\000.\0001\000\040\000J\000o\000r\000d\000a\000n\000\040\000f\000r\000a\000m\000e}{section.5.1}% 31
\BOOKMARK [3][-]{subsubsection.5.1.1.1}{\376\377\0005\000.\0001\000.\0001\000.\0001\000\040\000A\000c\000c\000o\000r\000d\000i\000n\000g\000\040\000t\000o\000\040\000t\000h\000e\000\040\000N\000o\000r\000m\000a\000l\000\040\000F\000r\000a\000m\000e\000,\000\040\000d\000/\000d\000t}{subsection.5.1.1}% 32
\BOOKMARK [3][-]{subsubsection.5.1.1.2}{\376\377\0005\000.\0001\000.\0001\000.\0002\000\040\000A\000c\000c\000o\000r\000d\000i\000n\000g\000\040\000t\000o\000\040\000t\000h\000e\000\040\000F\000l\000u\000i\000d\000\040\000F\000l\000o\000w\000,\000\040\000D\000/\000D\000t}{subsection.5.1.1}% 33
\BOOKMARK [2][-]{subsection.5.1.2}{\376\377\0005\000.\0001\000.\0002\000\040\000E\000i\000n\000s\000t\000e\000i\000n\000\040\000f\000r\000a\000m\000e}{section.5.1}% 34
\BOOKMARK [1][-]{section.5.2}{\376\377\0005\000.\0002\000\040\000B\000e\000r\000g\000m\000a\000n\000n\000-\000W\000a\000g\000o\000n\000e\000r\000\040\000t\000h\000e\000o\000r\000y}{chapter.5}% 35
\BOOKMARK [0][-]{dummy.6}{\376\377\000B\000i\000b\000l\000i\000o\000g\000r\000a\000p\000h\000y}{}% 36
\BOOKMARK [0][-]{appendix.A}{\376\377\000A\000\040\000F\000o\000r\000m\000a\000l\000i\000s\000m}{}% 37
\BOOKMARK [1][-]{section.A.1}{\376\377\000A\000.\0001\000\040\000E\000u\000l\000e\000r\000i\000a\000n\000\040\000v\000e\000l\000o\000c\000i\000t\000y}{appendix.A}% 38
\BOOKMARK [1][-]{section.A.2}{\376\377\000A\000.\0002\000\040\000G\000a\000u\000s\000s\000\040\000R\000e\000l\000a\000t\000i\000o\000n}{appendix.A}% 39
\BOOKMARK [1][-]{section.A.3}{\376\377\000A\000.\0003\000\040\000C\000o\000d\000a\000z\000z\000i\000\040\000R\000e\000l\000a\000t\000i\000o\000n}{appendix.A}% 40
\BOOKMARK [1][-]{section.A.4}{\376\377\000A\000.\0004\000\040\000R\000i\000c\000c\000i\000\040\000R\000e\000l\000a\000t\000i\000o\000n}{appendix.A}% 41
\BOOKMARK [0][-]{appendix.B}{\376\377\000B\000\040\000H\000a\000m\000i\000l\000t\000o\000n\000'\000s\000\040\000p\000r\000i\000n\000c\000i\000p\000l\000e}{}% 42
\BOOKMARK [0][-]{appendix.C}{\376\377\000C\000\040\000D\000e\000r\000i\000v\000a\000t\000i\000o\000n\000\040\000o\000f\000\040\000t\000h\000e\000\040\000C\000o\000m\000m\000u\000t\000a\000t\000i\000o\000n\000\040\000R\000u\000l\000e}{}% 43
\BOOKMARK [1][-]{section.C.1}{\376\377\000C\000.\0001\000\040\000A\000c\000c\000o\000r\000d\000i\000n\000g\000\040\000t\000o\000\040\000t\000h\000e\000\040\000N\000o\000r\000m\000a\000l\000\040\000F\000r\000a\000m\000e}{appendix.C}% 44
\BOOKMARK [1][-]{section.C.2}{\376\377\000C\000.\0002\000\040\000A\000c\000c\000o\000r\000d\000i\000n\000g\000\040\000t\000o\000\040\000t\000h\000e\000\040\000F\000l\000u\000i\000d\000\040\000F\000l\000o\000w}{appendix.C}% 45
